Drifter,2016-07-12:修改了下netty4的字节长度问题
Drifter,2016-07-12:修改tagclass 路径，因为移动了位置
Drifter,2016-07-12:添加两个方法体
Drifter,2016-07-12:完善了备注
Drifter,2016-07-12:还原打印
Drifter,2016-07-12:取消了打印
Drifter,2016-07-08:修改了备注
Drifter,2016-06-05:调整位置
Drifter,2016-05-31:取消过多引用
Drifter,2016-05-31:添加两个方法
Drifter,2016-05-31:add ignore
Drifter,2016-05-31:delete ignore
Drifter,2016-05-22:添加方法
Drifter,2016-05-22:添加异常抛出
Drifter,2016-05-22:添加方法
Drifter,2016-05-22:取消应用让文件独立
Drifter,2016-05-22:format
Drifter,2016-05-22:添加轻量级的json解析
Drifter,2016-05-22:移动位置
Drifter,2016-01-16:ignore
canyon,2015-12-27:修改了生成文件
canyon,2015-12-27:修改了xml对象的读取，和写入
canyon,2015-12-27:修改生成代码
Drifter,2015-12-22:稍稍修改
Drifter,2015-12-22:File
canyon,2015-12-20:处理xml读取的编码问题，统一处理，字节流的复制处理
canyon,2015-12-20:大文件的读取，文件的修改。
Drifter,2015-12-06:exmaple
Drifter,2015-11-18:修改了方法
Drifter,2015-10-29:v2的list取值问题
Drifter,2015-10-27:修改了bt
Drifter,2015-10-27:修改了List_get_Item
Drifter,2015-10-27:修改了B2Int数据传输
Drifter,2015-10-27:备注
Drifter,2015-10-27:修改文件
Drifter,2015-10-27:修改了_问题
Drifter,2015-10-26:自动释放
Drifter,2015-10-26:修改Lua生成，创建了Byte对象
Drifter,2015-10-26:修改lua生成模式
Drifter,2015-10-26:归类开发
Drifter,2015-10-23:删除注释空格
Drifter,2015-10-23:添加联系方式
Drifter,2015-10-21:字符串0,1的判断，为false,true
Drifter,2015-10-15:修改了注释的文位置
Drifter,2015-10-15:将通过tab的空格，换成了格式化的空格
Drifter,2015-10-08:修改了判断邮箱
Drifter,2015-10-01:添加判断方法
Drifter,2015-09-28:T_Hash常用方法添加完毕
Drifter,2015-09-28:修改了下函数体
Drifter,2015-09-28:添加两个方法体
Drifter,2015-09-28:修改了_问题
Drifter,2015-09-28:取得字节流的方法封装
Drifter,2015-09-25:T_List处理完毕
Drifter,2015-09-25:添加list操作方法体
Drifter,2015-09-24:补充方法
Drifter,2015-09-24:添加分类-Normal-处理List,Hash表
Drifter,2015-09-24:Pipleline添加删除Key_Field方法体
Drifter,2015-09-24:完善类，添加方法体
Drifter,2015-09-23:修改方法体
Drifter,2015-09-23:添加方法体
Drifter,2015-09-23:添加方法体
Drifter,2015-09-22:添加方法
Drifter,2015-09-22:添加几个常用的转换
Drifter,2015-09-22:重新整理Redis
Drifter,2015-09-22:清空并添加
Drifter,2015-09-18:添加了时间与时间字符串的判断
Drifter,2015-09-16:修改问题
Drifter,2015-09-16:添加一个比较方法,比较一个时间一个其他类型的
Drifter,2015-09-15:修改了下文件夹下面的文件路径读取
Drifter,2015-09-15:添加过滤字符串的方法
Drifter,2015-09-14:修改数字格式化的方法体
Drifter,2015-09-14:精简代码
Drifter,2015-09-14:添加3个取得Double的数据方法
Drifter,2015-09-14:简单修改了下生成器
Drifter,2015-09-11:添加list的过滤,筛选功能
Drifter,2015-09-11:修改了方法名字
Drifter,2015-09-11:添加重要目录
Drifter,2015-09-07:修改拼接字符串
Drifter,2015-09-07:修改call为公用的函数，无参数，有参数(但不包含返回参数)
Drifter,2015-09-07:添加备注
Drifter,2015-09-07:delete
Drifter,2015-09-07:Change
Drifter,2015-09-07:修为文件
Drifter,2015-09-07:添加一个方法体,并添加一个记录文件
Drifter,2015-09-01:描述信息，改成英文格式
Drifter,2015-09-01:修改了定时操作_移动位置
Drifter,2015-09-01:del_classpath_jsoup_1.6
Drifter,2015-08-26:移动了文件位置
Drifter,2015-08-26:修个了POI读取excel,word
Drifter,2015-08-25:添加获取请求的真是IP
Drifter,2015-08-22:添加方法体测试
Drifter,2015-08-22:添加一个javascript的base64加密
Drifter,2015-08-22:添加守护线程的注意点
Drifter,2015-08-21:加备注，更清晰
Drifter,2015-08-21:修改lang下面的线程任务调度器
Drifter,2015-08-21:多加了个线程判断
Drifter,2015-08-21:字符串拼接,不能以单例模式，多线程会出错
Drifter,2015-08-20:添加斜杠，反斜杠的替换,以及拼音类的修改
Drifter,2015-08-20:修改个地方可能会引起的错误
Drifter,2015-08-20:对象池抽象类修改了取得对象的时候，添加一个reset对象方法体
Drifter,2015-08-19:取得Cookies
Drifter,2015-08-19:添加jsoup注释
Drifter,2015-08-19:替换网络爬虫攻击Jsoup更新到1.8
Drifter,2015-08-19:判断字符串是不是时间字符串
Drifter,2015-08-19:修改初始错误
Drifter,2015-08-19:修改了个拼接字符串类的bug
Drifter,2015-08-19:修改了字符串拼接
Drifter,2015-08-18:修改了HttpUrlConnect的POST传递参数的方法
Drifter,2015-08-18:修改了UrlConnection的参数传递+body流传递
Drifter,2015-08-18:修改了请求以及添加了一个回调解析
Drifter,2015-08-18:添加了一个转换为KV的Map对象的方法
Drifter,2015-08-17:修改了URLConnection
Drifter,2015-08-17:删除注释掉的,添加新的方法体
Drifter,2015-08-17:修改了请求
Drifter,2015-08-17:请求修改
Drifter,2015-08-17:添加http请求的分类方法
Drifter,2015-08-15:修改了数据对象
Drifter,2015-08-13:添加当前时间的比较DateFmtEx
Drifter,2015-08-11:修改个bugger忘记flush()
Drifter,2015-08-10:生成代码Method排序
Drifter,2015-08-09:添加方法
Drifter,2015-08-08:问题Bugger
Drifter,2015-08-08:添加了一些方法体
Drifter,2015-08-08:添加一个方法，将map转为json字符串
Drifter,2015-08-08:添加数据和方法体
Drifter,2015-08-08:修改了参数
Drifter,2015-08-04:简单修改数据
Drifter,2015-08-04:字符串判断，时间判断
Drifter,2015-08-04:记录目前freemark的问题
Drifter,2015-08-04:可序列化
Drifter,2015-08-03:修改数据
Drifter,2015-08-03:添加方法体
Drifter,2015-08-03:修改了请求为cmd方法体
Drifter,2015-08-03:简单修改代理，反编译类
Drifter,2015-07-31:修改strex
Drifter,2015-07-31:添加了一两个方法，取得长度,省略字符
Drifter,2015-07-30:Json空对象的判断
Drifter,2015-07-29:邮件验证
Drifter,2015-07-29:验证数据ValidateCheck修改
Drifter,2015-07-28:添加了修改了验证代码
Drifter,2015-07-28:添加验证类
Drifter,2015-07-28:简单修改二维码QRCode生成
Drifter,2015-07-28:添加zxing二维码生成，即生成方法
Drifter,2015-07-28:筛选了静态对象的bugger
Drifter,2015-07-28:修改一个bug
Drifter,2015-07-28:取消掉静态的属性
Drifter,2015-07-28:excel导出文件补充完成
Drifter,2015-07-28:添加了一个byte[]流对象
Drifter,2015-07-28:简单修改
Drifter,2015-07-24:品阶sql添加了百分号
Drifter,2015-07-23:空对象判断身份证验证
Drifter,2015-07-23:添加了个字符串trim
Drifter,2015-07-15:修改方法体
Drifter,2015-07-15:初次写导出excel文件
Drifter,2015-06-04:查看代码进行缩减
Drifter,2015-06-03:整理了fileex文件
Drifter,2015-06-02:修改了类型变量Intger变成int模式
Drifter,2015-06-02:修改主键为long类型是引起的错误
Drifter,2015-06-02:修改了时间，添加了方法体
Drifter,2015-06-02:删除了
Drifter,2015-06-02:补充一个取得long类型的字段
Drifter,2015-05-19:添加json的callback方法
Drifter,2015-05-18:添加一个时间差值的展示
Drifter,2015-05-14:MD5方法添加
Drifter,2015-04-29:添加了两个读取xml的省份，市的方法
Drifter,2015-04-29:加个缓存cache4省市区
Drifter,2015-04-29:添加某些特定方法
Drifter,2015-04-29:完成打成Jar时读取文件并测试
Drifter,2015-04-29:补充方法
Drifter,2015-04-29:备注
Drifter,2015-04-28:xml省份+城市+区县
Drifter,2015-04-28:添加省份城市的方式xml读取方法
Drifter,2015-04-21:点错被还原了的重新修改了下
Drifter,2015-04-21:Revert "添加了一个逻辑判断，只有一页数据不显示页码"
Drifter,2015-04-20:添加了一个逻辑判断，只有一页数据不显示页码
Drifter,2015-04-18:添加了上传文件的demo
Drifter,2015-04-12:修改了执行sql,分页标签tag的json请求
Drifter,2015-04-11:简单修改了下文件
Drifter,2015-04-02:添加cookic方法
Drifter,2015-03-26:修改了bug
Drifter,2015-03-26:修改clear方法名
Drifter,2015-03-26:添加了一个清空session所有对象的方法
Drifter,2015-03-25:序列化分页对象,修改分页标签bug
Drifter,2015-03-23:修改一个bug
Drifter,2015-03-23:添加tag
Drifter,2015-03-23:添加了分页对象，添加了一个(jsp-api)jar包
Drifter,2015-03-22:修个了bug
Drifter,2015-03-22:重新修改了toolkit
Drifter,2015-03-22:解决一个现成安全问题listPages
Drifter,2015-03-19:修改了生成实体
Drifter,2015-03-11:添加了两个方法
Drifter,2015-03-09:添加了屏蔽字文本
Drifter,2015-03-09:完善功能
Drifter,2015-03-09:添加了个trim后为空的判断
Drifter,2015-03-06:修改lua生成器的请求方法，为字符串，不再是hashCode
Drifter,2015-03-06:修改改名后的问题
Drifter,2015-03-06:删除旧文件
Drifter,2015-03-06:改名
Drifter,2015-02-28:防止空pageBean对象
Drifter,2015-02-28:完善分页对象
Drifter,2015-02-28:添加拼接Sql语句的方法
Drifter,2015-02-28:添加公共的查询实体分页
Drifter,2015-02-10:添加一个泛型T的交集
Drifter,2015-02-10:添加了一个取得路径Path的方法
Drifter,2015-02-09:添加了一个分隔符的方法
Drifter,2015-02-09:添加一个freemarker的demo
Drifter,2015-02-07:根据数据源取得表结构
Drifter,2015-02-07:修个了代码生成器bug
Drifter,2015-02-07:添加了一个格式pkg的字符串格式
Drifter,2015-02-07:修改Ex
Drifter,2015-02-03:修改了Bug
Drifter,2015-02-02:测试数据
Drifter,2015-02-02:修改map的json问题
Drifter,2015-01-31:精简代码
Drifter,2015-01-31:EntityBuilder修改了数据源
Drifter,2015-01-31:DaoBuilder忘记结束语
Drifter,2015-01-31:移动Atomicint类位置
Drifter,2015-01-31:修改DaoBuilder的问题
Drifter,2015-01-31:beanBuilder的Bug修复
Drifter,2015-01-31:新增mysql的BeanSupport
Drifter,2015-01-31:数据库修改优化
Drifter,2015-01-31:数据库连接
Drifter,2015-01-31:修改了数据连接这块
Drifter,2015-01-30:删除JSON
Drifter,2015-01-30:将自己JSON改名为MyJson
Drifter,2015-01-30:freemarker
Drifter,2015-01-29:修改bug
Drifter,2015-01-28:完善图片文件
Drifter,2015-01-28:添加图片后缀名
Drifter,2015-01-28:添加了个图片子生成类
Drifter,2015-01-28:生成表单
Drifter,2015-01-28:修改了第三方办公表的读取
Drifter,2015-01-27:修改了excel读取部分的方法
Drifter,2015-01-26:修改了个小bugg
Drifter,2015-01-26:修改了rnd,list添加了泛型类的方法
Drifter,2015-01-26:添加HttpServletRequest取得参数方法
Drifter,2015-01-05:bug
Drifter,2015-01-04:添加一个随机名字
Drifter,2014-12-31:修改了mapEx对象
Drifter,2014-12-26:添加了异常错误信息的输出
Drifter,2014-12-26:修改了参数NumEx
Drifter,2014-12-25:修改了Lua备注
Drifter,2014-12-25:修改时间格式化类
Drifter,2014-12-22:新增了个List
Drifter,2014-12-18:读文件方法添加
Drifter,2014-12-18:文件读写和转码
Drifter,2014-12-15:修个http请求
Drifter,2014-12-12:修个Request
Drifter,2014-12-08:更新ListEx
Drifter,2014-12-08:补充redis添加编码解码
Drifter,2014-12-05:修改文件
Drifter,2014-12-05:Fmt补
Drifter,2014-12-05:补充方法
Drifter,2014-12-05:补充Fmt方法
Drifter,2014-12-05:修改时间工具
Drifter,2014-12-04:修改了DateEx
Drifter,2014-12-03:完善jedistool
Drifter,2014-11-27:修改了Cache
Drifter,2014-11-26:将lock改成lockInterruptibly
Drifter,2014-11-26:新增ArrayList的Lock函数，删除CpLock
Drifter,2014-11-26:修改Bug
Drifter,2014-11-25:修改了代码生成完善bug
Drifter,2014-11-24:修改了，lock
Drifter,2014-11-20:修改了时间工具类DateEx
Drifter,2014-11-18:添加了一个数据库读取数据时候的唯一字段的设置
Drifter,2014-11-18:修改了freemarker下面bean实体
Drifter,2014-11-13:修改了Bug
Drifter,2014-11-13:修改了Pv日志的方法
Drifter,2014-11-13:修个JedisTookits
Drifter,2014-11-13:初次导入工具工程
Drifter,2014-11-13:Initial commit